10
2
12
14400
144000
6400
150
6
900
378
288
1290240
48000
10
1600
336
10290
48000
3840
103680
4536
28800
8000
14400
72000
400
11520
896
5120
4320
36000
504
200
21
23040
3000
4800
40320
500
18000
189
32000
6000
6
480
280
20480
32000
13440
17280
1200
216000
120000
10
90000
10
108
10
19440
1176
1728
96000
672
3888
64
1080
30
18
11520
10000
900
294
37800
161280
38880
18000
448
42
3000
144
441
32000
5120
15360
36000
8
2
302400
144000
6
6000
1500
168
20480
12500
15120
10000
18000
80
20480
336
151200
2400
144000
30000
1728
25200
6400
8000
1440
24
14
224
18
10000
1080
1920
36750
3888
28800
50000
60000
740880
40320
150
30
72
10000
352800
21000
64800
38880
768
720
12
90720
6000
32000
38400
450
42
11520
600
7
103680
400
25920
43200
86400
504
810
36
1296
6400
160
2016
3600
1
18900
14400
32
453600
225000
180
7
9000
108
360
6
135000
1440
4536
648
4
6000
72
4800
350
144
1120
7200
27
324
336
38400
864
15
180
12000
50
3600
62500
96000
50400
259200
72
3125
9000
17280
19200
322560
4800
7500
176400
4
37800
453600
60000
60000
200
36
108
226800
69120
42
49
63
21600
3840
8000
1512
18
12000
225000
25600
315
388800
57600
240
113400
15000
9
10
48000
400
10
216000
324
18
100
4500
57600
10800
240
216
81
3840
175
10800
24
1200
15360
20480
324000
77760
81000
6400
960
100800
144
224
21
252
28
4
2160
32
12000
10
3840
840
60
1176
529200
302400
294
36
15360
75000
32000
60000
6
168
20
9375
432
490
210
27000
50400
960
7056
19200
4800
48000
161280
90720
9
30720
300
2400
576
5
35
8000
48000
6480
4800
50000
90000
720
5120
120000
3150
32
18
64
108000
2880
2160
11520
25600
7
2880
280
453600
896
2400
32000
60000
5400
6000
14400
15360
2
1152
576
3
43200
500
6
36000
960
25600
48000
12348
162000
24000
2880
136080
576
540
1920
1800
81
9720
72
30240
4800
9
180000
24
2160
5
12000
8000
1800
10800
32
14400
5120
3072
16
56
7560
105
12600
72000
44100
90
3
4800
72
322560
343
60000
720
72
9
900
300
25600
24000
14400
14
768
30720
20
32
2304
36
1050
24
1200
120960
2
6400
336
45
8640
28800
4800
270000
3000
21600
2160
768
49
529200
9
2160
13500
150000
6
4
720
3
252
28800
6400
120000
129600
10000
32
32400
9450
72
384
27
9000
28800
10
240
180000
2160
22500
493920
1875
315000
15625
32
4320
6400
48000
24000
8
15
270000
5
302400
19200
453600
8000
320
40000
9072
5120
126000
36
50000
24000
58320
81000
7200
19200
108000
315000
117600
25600
1058400
403200
60
1536
240
19200
32000
36
672
36000
384
280
84
6000
23040
960
2592
64
38880
2700
8
4320
36
38880
14
144
9600
48000
56
7680
103680
120
6000
576
336
14406
4096
10290
4500
648
201600
7200
2016
75
45000
3072
2400
108000
86400
6480
3600
57600
60000
4500
105
100800
14400
32
8
324
192
60000
300
20480
60000
768
604800
5760
504
1280
10
192
96000
120
4500
1728
180000
322560
4800
1440
38400
144
10000
5760
8
1800
48000
9
2700
1440
20
9
1728
7560
21600
86400
480
75600
126000
57600
16
40000
30
32000
10000
360
40000
51840
864
3528
6
216000
1050
630000
96
120
135
2160
933120
336
11250
48
648
4800
18
1
24
4
7
1920
6000
50000
1920
5400
8
40000
21600
540
4800
15
194400
2880
3600
4320
432
1008
103680
2400
108
544320
378000
11520
18
4320
378
70560
96000
1
11520
60000
8000
4800
14400
622080
4800
5400
120
10
57600
90000
194400
2500
560
8
14400
96
6000
12000
1
50000
525
90000
4
28800
62500
4
6400
6
4500
1152
1200
4536
72000
288
22680
57600
81
432
60000
72
64800
21
2500
1800
96000
3600
14400
8000
49
51840
3840
5400
35280
392
12500
1008
432
2160
720
38400
4800
5
4096
12
72
7680
32
36
17280
67200
19200
7350
720
120
15360
36
324000
2880
2304
1600
17640
480
100800
576
1440
30000
19440
7680
4320
311040
324000
2700
420
12500
180
210
11250
600
4
216
16384
38400
216
30720
161280
6480
60000
7
2400
3150
60000
900
12960
225000
2700
108
882
42
21000
48
378000
181440
252
36
875
168
211680
28800
4
147
960
3600
194400
36
14400
4800
483840
192
57600
32000
378
90000
12000
72000
740880
8640
112500
72000
19200
540
490
1260
240
42
10
72000
84
51840
15360
1470
1200
7
1280
120
360
72000
280
48000
108000
4
19200
720
500
48
25600
176400
27000
16
72000
12
28800
648
900
37800
384
4096
453600
980
72000
30
9
12500
90000
51840
6400
18000
544320
34560
252
28
1512
1600
2000
2700
1
40
5
216
3360
48000
16384
62500
5250
5120
160
14112
720
375
28800
15360
216
324000
60000
201600
147
77760
1
117600
10800
6480
1120
40
75
725760
117600
24000
151200
19200
5
51840
1
378
16
67200
48
216000
216
192
288
100800
2250
24000
72
1296
189000
27000
1440
18
483840
10000
63
20480
750
50
1050
135
1536
6
4200
3024
576
40000
5
320
1440
3456
12500
3150
24
19200
11520
51840
2304
48
1693440
1080
4200
63
210
8
1280
32000
4320
720
16
3840
360
16200
1176
6400
27
35280
1350
1800
57600
324000
4800
19200
1
9600
720
140
1280
120
40000
7
1536
48000
2880
72000
362880
3780
1440
7
900
144000
4
403200
7
40000
6
15360
1344
12
504
48
9
1620
11520
36
53760
6480
129600
172800
3150
40000
2744
2688
77760
1920
18000
129600
7
108
15360
1440
2880
448
90
4
500
