9
9
2
43893
49648
88418
86492
79525
113773
28468
85608
56822
66026
104326
95505
35833
86511
46093
59233
98390
27386
111428
86887
72106
28010
108541
70814
1108
39409
34247
42569
113779
96225
6523
65220
48845
11083
64846
62283
9843
102404
91478
40030
96017
93189
4392
59636
10406
89212
3922
38717
89656
17142
59973
19197
51364
85678
10880
83800
14120
15049
68955
96622
111820
1029
19335
9298
96316
28244
47457
9033
31283
97772
58767
13271
26719
42145
76540
86858
114137
80571
49310
20524
62856
86223
27286
98258
30334
26376
28453
31077
18673
10581
57572
54446
62169
4153
33636
156
2006
