0.8
0.5
77.5
4142.4
4242.1
306.8
2210.0
3918.4
646.9
5263.5
2658.1
6752.2
3673.2
2551.2
2864.0
754.7
3200.9
36.1
48.1
2176.7
75.2
310.1
5254.2
1135.7
4411.6
3263.3
6862.3
601.6
3.0
2.7
6792.8
15.6
2388.3
3318.0
2231.6
282.8
1962.9
200.4
3071.9
1522.0
1423.1
132.6
1499.6
4761.2
1319.2
3382.2
4791.1
6.9
2033.6
3351.6
4279.0
70.6
3570.2
1134.9
1194.5
6274.8
2201.5
2090.9
1076.4
838.8
1377.1
3035.2
3932.3
37.4
0.6
2520.5
5542.0
3361.4
2290.1
25.2
6391.0
2569.4
4679.9
3103.6
1007.5
1650.6
1181.4
5244.4
3987.1
5796.1
2204.2
4996.3
6813.3
78.5
5009.7
1261.4
3121.9
3017.5
2541.2
557.7
28.3
1322.7
674.5
5494.0
2234.8
7234.4
6717.0
152.6
897.2
3651.3
767.8
798.7
195.9
202.4
2779.6
3706.8
4866.0
5402.5
4333.4
4639.3
369.4
6244.0
7020.4
158.2
2365.9
513.9
5247.6
5164.6
3401.2
2056.9
115.4
279.3
7371.4
455.9
3525.5
4754.1
2.1
5226.6
3945.7
121.3
3079.9
4512.5
2048.7
4354.9
2985.7
2966.4
2.8
2041.6
0.7
3752.4
5746.4
7085.5
280.7
5253.8
5270.8
1509.8
2033.8
7196.8
6266.0
4129.1
5705.5
5036.4
947.6
1317.2
4554.1
4776.8
6588.3
2919.9
1889.0
4087.5
249.8
754.7
1339.2
6492.6
687.2
2277.2
1810.4
123.3
6336.0
1358.0
6745.8
6439.3
3414.6
6938.4
1927.8
846.7
2920.5
783.4
3601.6
992.9
4188.9
768.7
1880.4
4649.9
3848.3
1590.3
1928.5
1496.2
200.7
63.5
961.9
1024.0
794.3
2106.5
2274.3
4347.6
4187.4
131.7
61.8
5796.6
